<?xml version="1.0" encoding="UTF-8"?>
<!-- Generated by org.testng.reporters.JUnitXMLReporter -->
<testsuite hostname="EMARA" failures="1" tests="1" name="AccountTest" time="17.239" errors="0" timestamp="21 Dec 2023 10:39:55 GMT">
  <testcase classname="com.mycompany.mavenproject1.TestMavinIT_Organized" name="testLogin" time="16.251">
    <failure type="java.lang.AssertionError" message="expected [Paul Collings] but found [HslkIiWamc TestL]">
      <![CDATA[java.lang.AssertionError: expected [Paul Collings] but found [HslkIiWamc TestL]
	at com.mycompany.mavenproject1.TestMavinIT_Organized.testLogin(TestMavinIT_Organized.java:44)
... Removed 33 stack frames]]>
    </failure>
  </testcase> <!-- testLogin -->
</testsuite> <!-- AccountTest -->
