<?xml version="1.0" encoding="UTF-8"?>
<!-- Generated by org.testng.reporters.JUnitXMLReporter -->
<testsuite hostname="EMARA" failures="2" tests="6" name="AdminFunctonality" time="91.926" errors="0" timestamp="21 Dec 2023 10:42:14 GMT">
  <testcase classname="com.mycompany.mavenproject1.TestMavinIT_Organized" name="testAdminSearch" time="10.677"/>
  <testcase classname="com.mycompany.mavenproject1.TestMavinIT_Organized" name="testTabAdminAdd" time="22.615"/>
  <testcase classname="com.mycompany.mavenproject1.TestMavinIT_Organized" name="testTabESSsearch" time="10.952">
    <failure type="java.lang.AssertionError" message="expected [(1) Record Found] but found [No Records Found]">
      <![CDATA[java.lang.AssertionError: expected [(1) Record Found] but found [No Records Found]
	at com.mycompany.mavenproject1.TestMavinIT_Organized.testTabESSsearch(TestMavinIT_Organized.java:221)
... Removed 33 stack frames]]>
    </failure>
  </testcase> <!-- testTabESSsearch -->
  <testcase classname="com.mycompany.mavenproject1.TestMavinIT_Organized" name="testTabESSEdit" time="0.031">
    <failure type="org.openqa.selenium.NoSuchElementException" message="no such element: Unable to locate element: {&amp;quot;method&amp;quot;:&amp;quot;xpath&amp;quot;,&amp;quot;selector&amp;quot;:&amp;quot;//*[@id=&amp;quot;app&amp;quot;]/div[1]/div[2]/div[2]/div/div[2]/div[3]/div/div[2]/div[1]/div/div[6]/div/button[2]&amp;quot;}
  (Session info: chrome=120.0.6099.129)
  (Driver info: chromedriver=120.0.6099.109 (3419140ab665596f21b385ce136419fde0924272-refs/branch-heads/6099@{#1483}),platform=Windows NT 10.0.19045 x86_64) (WARNING: The server did not provide any stacktrace information)
Command duration or timeout: 31 milliseconds
For documentation on this error, please visit: http://seleniumhq.org/exceptions/no_such_element.html
Build info: version: &amp;apos;2.44.0&amp;apos;, revision: &amp;apos;76d78cf323ce037c5f92db6c1bba601c2ac43ad8&amp;apos;, time: &amp;apos;2014-10-23 13:11:40&amp;apos;
System info: host: &amp;apos;EMARA&amp;apos;, ip: &amp;apos;192.168.133.19&amp;apos;, os.name: &amp;apos;Windows 10&amp;apos;, os.arch: &amp;apos;amd64&amp;apos;, os.version: &amp;apos;10.0&amp;apos;, java.version: &amp;apos;11.0.21&amp;apos;
Driver info: org.openqa.selenium.chrome.ChromeDriver
Capabilities [{mobileEmulationEnabled=false, timeouts={implicit=0, pageLoad=300000, script=30000}, hasTouchScreen=false, platform=XP, acceptSslCerts=false, goog:chromeOptions={debuggerAddress=localhost:8583}, webauthn:extension:credBlob=true, acceptInsecureCerts=false, fedcm:accounts=true, webStorageEnabled=true, browserName=chrome, takesScreenshot=true, javascriptEnabled=true, setWindowRect=true, webauthn:extension:largeBlob=true, unexpectedAlertBehaviour=ignore, rotatable=false, networkConnectionEnabled=false, chrome={chromedriverVersion=120.0.6099.109 (3419140ab665596f21b385ce136419fde0924272-refs/branch-heads/6099@{#1483}), userDataDir=C:\Users\User\AppData\Local\Temp\scoped_dir24416_176106592}, takesHeapSnapshot=true, pageLoadStrategy=normal, strictFileInteractability=false, databaseEnabled=false, handlesAlerts=true, version=120.0.6099.129, browserConnectionEnabled=false, proxy={}, nativeEvents=true, webauthn:extension:minPinLength=true, webauthn:extension:prf=true, locationContextEnabled=true, cssSelectorsEnabled=true, webauthn:virtualAuthenticators=true}]
Session ID: 8235d5f6a386fcdd34539e0dbfe7be3a">
      <![CDATA[org.openqa.selenium.NoSuchElementException: no such element: Unable to locate element: {"method":"xpath","selector":"//*[@id="app"]/div[1]/div[2]/div[2]/div/div[2]/div[3]/div/div[2]/div[1]/div/div[6]/div/button[2]"}
  (Session info: chrome=120.0.6099.129)
  (Driver info: chromedriver=120.0.6099.109 (3419140ab665596f21b385ce136419fde0924272-refs/branch-heads/6099@{#1483}),platform=Windows NT 10.0.19045 x86_64) (WARNING: The server did not provide any stacktrace information)
Command duration or timeout: 31 milliseconds
For documentation on this error, please visit: http://seleniumhq.org/exceptions/no_such_element.html
Build info: version: '2.44.0', revision: '76d78cf323ce037c5f92db6c1bba601c2ac43ad8', time: '2014-10-23 13:11:40'
System info: host: 'EMARA', ip: '192.168.133.19', os.name: 'Windows 10', os.arch: 'amd64', os.version: '10.0', java.version: '11.0.21'
Driver info: org.openqa.selenium.chrome.ChromeDriver
Capabilities [{mobileEmulationEnabled=false, timeouts={implicit=0, pageLoad=300000, script=30000}, hasTouchScreen=false, platform=XP, acceptSslCerts=false, goog:chromeOptions={debuggerAddress=localhost:8583}, webauthn:extension:credBlob=true, acceptInsecureCerts=false, fedcm:accounts=true, webStorageEnabled=true, browserName=chrome, takesScreenshot=true, javascriptEnabled=true, setWindowRect=true, webauthn:extension:largeBlob=true, unexpectedAlertBehaviour=ignore, rotatable=false, networkConnectionEnabled=false, chrome={chromedriverVersion=120.0.6099.109 (3419140ab665596f21b385ce136419fde0924272-refs/branch-heads/6099@{#1483}), userDataDir=C:\Users\User\AppData\Local\Temp\scoped_dir24416_176106592}, takesHeapSnapshot=true, pageLoadStrategy=normal, strictFileInteractability=false, databaseEnabled=false, handlesAlerts=true, version=120.0.6099.129, browserConnectionEnabled=false, proxy={}, nativeEvents=true, webauthn:extension:minPinLength=true, webauthn:extension:prf=true, locationContextEnabled=true, cssSelectorsEnabled=true, webauthn:virtualAuthenticators=true}]
Session ID: 8235d5f6a386fcdd34539e0dbfe7be3a
	at org.openqa.selenium.remote.ErrorHandler.createThrowable(ErrorHandler.java:204)
	at org.openqa.selenium.remote.ErrorHandler.throwIfResponseFailed(ErrorHandler.java:156)
	at org.openqa.selenium.remote.RemoteWebDriver.execute(RemoteWebDriver.java:599)
	at org.openqa.selenium.remote.RemoteWebDriver.findElement(RemoteWebDriver.java:352)
	at org.openqa.selenium.remote.RemoteWebDriver.findElementByXPath(RemoteWebDriver.java:449)
	at org.openqa.selenium.By$ByXPath.findElement(By.java:357)
	at org.openqa.selenium.remote.RemoteWebDriver.findElement(RemoteWebDriver.java:344)
	at com.mycompany.mavenproject1.TestMavinIT_Organized.testTabESSEdit(TestMavinIT_Organized.java:226)
... Removed 32 stack frames]]>
    </failure>
  </testcase> <!-- testTabESSEdit -->
  <testcase classname="com.mycompany.mavenproject1.TestMavinIT_Organized" name="testTabAdminOrganizaton" time="17.477"/>
  <testcase classname="com.mycompany.mavenproject1.TestMavinIT_Organized" name="testTabAdminBranding" time="29.383"/>
</testsuite> <!-- AdminFunctonality -->
